Mplus VERSION 8.1 (Linux)
MUTHEN & MUTHEN
10/20/2018  10:01 PM

INPUT INSTRUCTIONS

  TITLE: this is an example of a path analysis
   DATA: FILE IS "data/8-data.dat";
   VARIABLE: NAMES ARE age gender a1-a5 e1-e13 b1-b20 c1-c17 d1-d10;
    USEVARIABLE = stress negtive self depre;
   DEFINE: stress = sum(a1-a5);
                 negtive= sum(b13-b17);
                 self=sum(d1-d5);
                 depre=sum(e1-e5);
  ANALYSIS: Bootstrap=1000;
  MODEL: depre on stress negtive self;
                negtive on stress;
                self on stress;
  MODEL INDIRECT:   depre ind self stress;
                 depre ind negtive stress;
  OUTPUT:  standardized CINTERVAL(BCBOOTSTRAP);







INPUT READING TERMINATED NORMALLY



this is an example of a path analysis

SUMMARY OF ANALYSIS

Number of groups                                                 1
Number of observations                                        3784

Number of dependent variables                                    3
Number of independent variables                                  1
Number of continuous latent variables                            0

Observed dependent variables

  Continuous
   NEGTIVE     SELF        DEPRE

Observed independent variables
   STRESS


Estimator                                                       ML
Information matrix                                        OBSERVED
Maximum number of iterations                                  1000
Convergence criterion                                    0.500D-04
Maximum number of steepest descent iterations                   20
Number of bootstrap draws
    Requested                                                 1000
    Completed                                                 1000

Input data file(s)
  data/8-data.dat

Input data format  FREE



UNIVARIATE SAMPLE STATISTICS


     UNIVARIATE HIGHER-ORDER MOMENT DESCRIPTIVE STATISTICS

         Variable/         Mean/     Skewness/   Minimum/ % with                Percentiles
        Sample Size      Variance    Kurtosis    Maximum  Min/Max      20%/60%    40%/80%    Median

     NEGTIVE               5.104       0.491       0.000    4.84%       2.000      4.000      5.000
            3784.000       9.154      -0.057      15.000    0.55%       6.000      8.000
     SELF                 12.184       0.327       5.000    1.48%       9.000     11.000     12.000
            3784.000      11.237      -0.237      20.000    3.22%      13.000     15.000
     DEPRE                 2.861       1.649       0.000   25.48%       0.000      1.000      2.000
            3784.000      10.103       3.163      20.000    0.05%       3.000      5.000
     STRESS                7.082       0.497       0.000    1.72%       4.000      6.000      7.000
            3784.000      14.332      -0.061      20.000    0.11%       8.000     10.000


THE MODEL ESTIMATION TERMINATED NORMALLY



MODEL FIT INFORMATION

Number of Free Parameters                       11

Loglikelihood

          H0 Value                      -28496.461
          H1 Value                      -28494.377

Information Criteria

          Akaike (AIC)                   57014.921
          Bayesian (BIC)                 57083.545
          Sample-Size Adjusted BIC       57048.592
            (n* = (n + 2) / 24)

Chi-Square Test of Model Fit

          Value                              4.167
          Degrees of Freedom                     1
          P-Value                           0.0412

RMSEA (Root Mean Square Error Of Approximation)

          Estimate                           0.029
          90 Percent C.I.                    0.005  0.060
          Probability RMSEA <= .05           0.850

CFI/TLI

          CFI                                0.998
          TLI                                0.987

Chi-Square Test of Model Fit for the Baseline Model

          Value                           1511.648
          Degrees of Freedom                     6
          P-Value                           0.0000

SRMR (Standardized Root Mean Square Residual)

          Value                              0.009



MODEL RESULTS

                                                    Two-Tailed
                    Estimate       S.E.  Est./S.E.    P-Value

 DEPRE    ON
    STRESS             0.387      0.014     28.161      0.000
    NEGTIVE            0.188      0.017     11.321      0.000
    SELF               0.003      0.014      0.193      0.847

 NEGTIVE  ON
    STRESS             0.163      0.013     12.175      0.000

 SELF     ON
    STRESS            -0.155      0.015    -10.499      0.000

 Intercepts
    NEGTIVE            3.952      0.105     37.760      0.000
    SELF              13.279      0.117    113.311      0.000
    DEPRE             -0.873      0.214     -4.085      0.000

 Residual Variances
    NEGTIVE            8.775      0.199     44.112      0.000
    SELF              10.894      0.237     46.003      0.000
    DEPRE              7.300      0.272     26.871      0.000


STANDARDIZED MODEL RESULTS


STDYX Standardization

                                                    Two-Tailed
                    Estimate       S.E.  Est./S.E.    P-Value

 DEPRE    ON
    STRESS             0.461      0.014     33.208      0.000
    NEGTIVE            0.179      0.015     11.578      0.000
    SELF               0.003      0.015      0.193      0.847

 NEGTIVE  ON
    STRESS             0.204      0.016     12.354      0.000

 SELF     ON
    STRESS            -0.175      0.016    -10.608      0.000

 Intercepts
    NEGTIVE            1.306      0.038     34.306      0.000
    SELF               3.961      0.048     83.223      0.000
    DEPRE             -0.275      0.066     -4.170      0.000

 Residual Variances
    NEGTIVE            0.959      0.007    141.223      0.000
    SELF               0.969      0.006    167.412      0.000
    DEPRE              0.722      0.012     58.078      0.000


STDY Standardization

                                                    Two-Tailed
                    Estimate       S.E.  Est./S.E.    P-Value

 DEPRE    ON
    STRESS             0.122      0.004     34.014      0.000
    NEGTIVE            0.179      0.015     11.578      0.000
    SELF               0.003      0.015      0.193      0.847

 NEGTIVE  ON
    STRESS             0.054      0.004     12.453      0.000

 SELF     ON
    STRESS            -0.046      0.004    -10.647      0.000

 Intercepts
    NEGTIVE            1.306      0.038     34.306      0.000
    SELF               3.961      0.048     83.223      0.000
    DEPRE             -0.275      0.066     -4.170      0.000

 Residual Variances
    NEGTIVE            0.959      0.007    141.223      0.000
    SELF               0.969      0.006    167.412      0.000
    DEPRE              0.722      0.012     58.078      0.000


STD Standardization

                                                    Two-Tailed
                    Estimate       S.E.  Est./S.E.    P-Value

 DEPRE    ON
    STRESS             0.387      0.014     28.161      0.000
    NEGTIVE            0.188      0.017     11.321      0.000
    SELF               0.003      0.014      0.193      0.847

 NEGTIVE  ON
    STRESS             0.163      0.013     12.175      0.000

 SELF     ON
    STRESS            -0.155      0.015    -10.499      0.000

 Intercepts
    NEGTIVE            3.952      0.105     37.760      0.000
    SELF              13.279      0.117    113.311      0.000
    DEPRE             -0.873      0.214     -4.085      0.000

 Residual Variances
    NEGTIVE            8.775      0.199     44.112      0.000
    SELF              10.894      0.237     46.003      0.000
    DEPRE              7.300      0.272     26.871      0.000


R-SQUARE

    Observed                                        Two-Tailed
    Variable        Estimate       S.E.  Est./S.E.    P-Value

    NEGTIVE            0.041      0.007      6.105      0.000
    SELF               0.031      0.006      5.269      0.000
    DEPRE              0.278      0.012     22.307      0.000


TOTAL, TOTAL INDIRECT, SPECIFIC INDIRECT, AND DIRECT EFFECTS


                                                    Two-Tailed
                    Estimate       S.E.  Est./S.E.    P-Value

Effects from STRESS to DEPRE

  Sum of indirect      0.030      0.004      7.007      0.000

  Specific indirect

    DEPRE
    SELF
    STRESS             0.000      0.002     -0.192      0.848

    DEPRE
    NEGTIVE
    STRESS             0.031      0.004      8.390      0.000



STANDARDIZED TOTAL, TOTAL INDIRECT, SPECIFIC INDIRECT, AND DIRECT EFFECTS


STDYX Standardization

                                                    Two-Tailed
                    Estimate       S.E.  Est./S.E.    P-Value

Effects from STRESS to DEPRE

  Sum of indirect      0.036      0.005      7.177      0.000

  Specific indirect

    DEPRE
    SELF
    STRESS            -0.001      0.003     -0.192      0.848

    DEPRE
    NEGTIVE
    STRESS             0.036      0.004      8.685      0.000



STDY Standardization

                                                    Two-Tailed
                    Estimate       S.E.  Est./S.E.    P-Value

Effects from STRESS to DEPRE

  Sum of indirect      0.009      0.001      7.123      0.000

  Specific indirect

    DEPRE
    SELF
    STRESS             0.000      0.001     -0.192      0.848

    DEPRE
    NEGTIVE
    STRESS             0.010      0.001      8.662      0.000



STD Standardization

                                                    Two-Tailed
                    Estimate       S.E.  Est./S.E.    P-Value

Effects from STRESS to DEPRE

  Sum of indirect      0.030      0.004      7.007      0.000

  Specific indirect

    DEPRE
    SELF
    STRESS             0.000      0.002     -0.192      0.848

    DEPRE
    NEGTIVE
    STRESS             0.031      0.004      8.390      0.000




CONFIDENCE INTERVALS OF MODEL RESULTS

                  Lower .5%  Lower 2.5%    Lower 5%    Estimate    Upper 5%  Upper 2.5%   Upper .5%

 DEPRE    ON
    STRESS           0.353       0.360       0.367       0.387       0.412       0.416       0.421
    NEGTIVE          0.145       0.156       0.160       0.188       0.215       0.221       0.231
    SELF            -0.034      -0.027      -0.021       0.003       0.026       0.031       0.041

 NEGTIVE  ON
    STRESS           0.132       0.137       0.143       0.163       0.186       0.190       0.198

 SELF     ON
    STRESS          -0.196      -0.186      -0.181      -0.155      -0.132      -0.127      -0.120

 Intercepts
    NEGTIVE          3.679       3.739       3.778       3.952       4.118       4.141       4.200
    SELF            12.928      13.033      13.089      13.279      13.466      13.510      13.570
    DEPRE           -1.439      -1.316      -1.251      -0.873      -0.531      -0.461      -0.385

 Residual Variances
    NEGTIVE          8.309       8.400       8.445       8.775       9.117       9.170       9.271
    SELF            10.311      10.453      10.517      10.894      11.299      11.377      11.533
    DEPRE            6.622       6.837       6.911       7.300       7.796       7.896       8.079


CONFIDENCE INTERVALS OF STANDARDIZED MODEL RESULTS


STDYX Standardization

                  Lower .5%  Lower 2.5%    Lower 5%    Estimate    Upper 5%  Upper 2.5%   Upper .5%

 DEPRE    ON
    STRESS           0.427       0.435       0.440       0.461       0.485       0.489       0.497
    NEGTIVE          0.139       0.149       0.154       0.179       0.204       0.211       0.218
    SELF            -0.036      -0.029      -0.023       0.003       0.028       0.033       0.043

 NEGTIVE  ON
    STRESS           0.164       0.172       0.178       0.204       0.231       0.237       0.247

 SELF     ON
    STRESS          -0.220      -0.209      -0.202      -0.175      -0.148      -0.141      -0.137

 Intercepts
    NEGTIVE          1.206       1.232       1.240       1.306       1.365       1.378       1.392
    SELF             3.829       3.872       3.890       3.961       4.046       4.061       4.089
    DEPRE           -0.448      -0.413      -0.391      -0.275      -0.170      -0.149      -0.121

 Residual Variances
    NEGTIVE          0.939       0.944       0.947       0.959       0.968       0.970       0.973
    SELF             0.952       0.956       0.959       0.969       0.978       0.980       0.981
    DEPRE            0.687       0.697       0.701       0.722       0.741       0.746       0.753


STDY Standardization

                  Lower .5%  Lower 2.5%    Lower 5%    Estimate    Upper 5%  Upper 2.5%   Upper .5%

 DEPRE    ON
    STRESS           0.112       0.115       0.116       0.122       0.128       0.129       0.131
    NEGTIVE          0.139       0.149       0.154       0.179       0.204       0.211       0.218
    SELF            -0.036      -0.029      -0.023       0.003       0.028       0.033       0.043

 NEGTIVE  ON
    STRESS           0.043       0.045       0.047       0.054       0.061       0.063       0.065

 SELF     ON
    STRESS          -0.058      -0.056      -0.054      -0.046      -0.039      -0.038      -0.036

 Intercepts
    NEGTIVE          1.206       1.232       1.240       1.306       1.365       1.378       1.392
    SELF             3.829       3.872       3.890       3.961       4.046       4.061       4.089
    DEPRE           -0.448      -0.413      -0.391      -0.275      -0.170      -0.149      -0.121

 Residual Variances
    NEGTIVE          0.939       0.944       0.947       0.959       0.968       0.970       0.973
    SELF             0.952       0.956       0.959       0.969       0.978       0.980       0.981
    DEPRE            0.687       0.697       0.701       0.722       0.741       0.746       0.753


STD Standardization

                  Lower .5%  Lower 2.5%    Lower 5%    Estimate    Upper 5%  Upper 2.5%   Upper .5%

 DEPRE    ON
    STRESS           0.353       0.360       0.367       0.387       0.412       0.416       0.421
    NEGTIVE          0.145       0.156       0.160       0.188       0.215       0.221       0.231
    SELF            -0.034      -0.027      -0.021       0.003       0.026       0.031       0.041

 NEGTIVE  ON
    STRESS           0.132       0.137       0.143       0.163       0.186       0.190       0.198

 SELF     ON
    STRESS          -0.196      -0.186      -0.181      -0.155      -0.132      -0.127      -0.120

 Intercepts
    NEGTIVE          3.679       3.739       3.778       3.952       4.118       4.141       4.200
    SELF            12.928      13.033      13.089      13.279      13.466      13.510      13.570
    DEPRE           -1.439      -1.316      -1.251      -0.873      -0.531      -0.461      -0.385

 Residual Variances
    NEGTIVE          8.309       8.400       8.445       8.775       9.117       9.170       9.271
    SELF            10.311      10.453      10.517      10.894      11.299      11.377      11.533
    DEPRE            6.622       6.837       6.911       7.300       7.796       7.896       8.079


CONFIDENCE INTERVALS OF TOTAL, TOTAL INDIRECT, SPECIFIC INDIRECT, AND DIRECT EFFECTS


                  Lower .5%  Lower 2.5%    Lower 5%    Estimate    Upper 5%  Upper 2.5%   Upper .5%

Effects from STRESS to DEPRE

  Sum of indirect    0.019       0.022       0.023       0.030       0.037       0.039       0.041

  Specific indirect

    DEPRE
    SELF
    STRESS          -0.007      -0.005      -0.004       0.000       0.003       0.004       0.005

    DEPRE
    NEGTIVE
    STRESS           0.022       0.024       0.025       0.031       0.037       0.038       0.040



CONFIDENCE INTERVALS OF STANDARDIZED TOTAL, TOTAL INDIRECT, SPECIFIC INDIRECT, AND DIRECT EFFECTS


STDYX Standardization

                  Lower .5%  Lower 2.5%    Lower 5%    Estimate    Upper 5%  Upper 2.5%   Upper .5%

Effects from STRESS to DEPRE

  Sum of indirect    0.022       0.026       0.028       0.036       0.044       0.046       0.048

  Specific indirect

    DEPRE
    SELF
    STRESS          -0.008      -0.006      -0.005      -0.001       0.004       0.005       0.006

    DEPRE
    NEGTIVE
    STRESS           0.026       0.029       0.030       0.036       0.044       0.046       0.048



STDY Standardization

                  Lower .5%  Lower 2.5%    Lower 5%    Estimate    Upper 5%  Upper 2.5%   Upper .5%

Effects from STRESS to DEPRE

  Sum of indirect    0.006       0.007       0.007       0.009       0.012       0.012       0.013

  Specific indirect

    DEPRE
    SELF
    STRESS          -0.002      -0.002      -0.001       0.000       0.001       0.001       0.002

    DEPRE
    NEGTIVE
    STRESS           0.007       0.008       0.008       0.010       0.012       0.012       0.013



STD Standardization

                  Lower .5%  Lower 2.5%    Lower 5%    Estimate    Upper 5%  Upper 2.5%   Upper .5%

Effects from STRESS to DEPRE

  Sum of indirect    0.019       0.022       0.023       0.030       0.037       0.039       0.041

  Specific indirect

    DEPRE
    SELF
    STRESS          -0.007      -0.005      -0.004       0.000       0.003       0.004       0.005

    DEPRE
    NEGTIVE
    STRESS           0.022       0.024       0.025       0.031       0.037       0.038       0.040




     Beginning Time:  22:01:16
        Ending Time:  22:01:17
       Elapsed Time:  00:00:01



MUTHEN & MUTHEN
3463 Stoner Ave.
Los Angeles, CA  90066

Tel: (310) 391-9971
Fax: (310) 391-8971
Web: www.StatModel.com
Support: Support@StatModel.com

Copyright (c) 1998-2018 Muthen & Muthen
