Mplus VERSION 8.1 (Linux)
MUTHEN & MUTHEN
10/22/2018  10:40 PM

INPUT INSTRUCTIONS

  TITLE: this is an example of an ESEM in table 4-6a

  DATA: FILE IS "data/CFA for CES-D.dat";

  VARIABLE: NAMES = age gender y1-y20;
  Usevariable= y1-y20;

  MODEL:	F1-F3 BY y1-y20 (*1); !括号内的星号定义f1-f3为ESEM因子；

  OUTPUT:	 STANDARDIZED MOD;



INPUT READING TERMINATED NORMALLY



this is an example of an ESEM in table 4-6a

SUMMARY OF ANALYSIS

Number of groups                                                 1
Number of observations                                        2530

Number of dependent variables                                   20
Number of independent variables                                  0
Number of continuous latent variables                            3

Observed dependent variables

  Continuous
   Y1          Y2          Y3          Y4          Y5          Y6
   Y7          Y8          Y9          Y10         Y11         Y12
   Y13         Y14         Y15         Y16         Y17         Y18
   Y19         Y20

Continuous latent variables

  EFA factors
  *1:   F1          F2          F3


Estimator                                                       ML
Rotation                                                    GEOMIN
Row standardization                                    CORRELATION
Type of rotation                                           OBLIQUE
Epsilon value                                               Varies
Information matrix                                        OBSERVED
Maximum number of iterations                                  1000
Convergence criterion                                    0.500D-04
Maximum number of steepest descent iterations                   20
Optimization Specifications for the Exploratory Factor Analysis
Rotation Algorithm
  Number of random starts                                       30
  Maximum number of iterations                               10000
  Derivative convergence criterion                       0.100D-04

Input data file(s)
  data/CFA for CES-D.dat

Input data format  FREE



UNIVARIATE SAMPLE STATISTICS


     UNIVARIATE HIGHER-ORDER MOMENT DESCRIPTIVE STATISTICS

         Variable/         Mean/     Skewness/   Minimum/ % with                Percentiles
        Sample Size      Variance    Kurtosis    Maximum  Min/Max      20%/60%    40%/80%    Median

     Y1                    2.190       0.340       1.000   15.22%       2.000      2.000      2.000
            2530.000       0.547      -0.021       4.000    4.43%       2.000      3.000
     Y2                    1.758       0.563       1.000   36.28%       1.000      2.000      2.000
            2530.000       0.448       0.242       4.000    1.19%       2.000      2.000
     Y3                    1.894       0.591       1.000   34.74%       1.000      2.000      2.000
            2530.000       0.646      -0.232       4.000    3.44%       2.000      3.000
     Y4                    2.268       0.276       1.000   18.10%       2.000      2.000      2.000
            2530.000       0.727      -0.521       4.000    8.46%       2.000      3.000
     Y5                    2.143       0.463       1.000   16.48%       2.000      2.000      2.000
            2530.000       0.545       0.202       4.000    4.66%       2.000      3.000
     Y6                    2.006       0.473       1.000   24.07%       1.000      2.000      2.000
            2530.000       0.554       0.086       4.000    3.32%       2.000      3.000
     Y7                    1.963       0.518       1.000   25.02%       1.000      2.000      2.000
            2530.000       0.520       0.303       4.000    2.89%       2.000      2.000
     Y8                    2.049       0.469       1.000   28.18%       1.000      2.000      2.000
            2530.000       0.726      -0.426       4.000    5.81%       2.000      3.000
     Y9                    1.711       0.863       1.000   44.03%       1.000      1.000      2.000
            2530.000       0.554       0.400       4.000    2.33%       2.000      2.000
     Y10                   1.840       0.727       1.000   35.69%       1.000      2.000      2.000
            2530.000       0.596       0.245       4.000    3.40%       2.000      2.000
     Y11                   2.082       0.480       1.000   28.14%       1.000      2.000      2.000
            2530.000       0.788      -0.504       4.000    7.47%       2.000      3.000
     Y12                   2.034       0.397       1.000   22.89%       1.000      2.000      2.000
            2530.000       0.552      -0.053       4.000    3.08%       2.000      3.000
     Y13                   2.009       0.541       1.000   24.23%       1.000      2.000      2.000
            2530.000       0.574       0.182       4.000    4.03%       2.000      3.000
     Y14                   1.938       0.650       1.000   31.15%       1.000      2.000      2.000
            2530.000       0.651       0.041       4.000    4.70%       2.000      3.000
     Y15                   1.715       0.803       1.000   41.11%       1.000      1.000      2.000
            2530.000       0.496       0.600       4.000    1.98%       2.000      2.000
     Y16                   2.111       0.342       1.000   26.05%       1.000      2.000      2.000
            2530.000       0.738      -0.602       4.000    5.89%       2.000      3.000
     Y17                   1.909       0.678       1.000   31.46%       1.000      2.000      2.000
            2530.000       0.614       0.208       4.000    4.15%       2.000      2.000
     Y18                   2.047       0.481       1.000   23.00%       1.000      2.000      2.000
            2530.000       0.589       0.023       4.000    4.23%       2.000      3.000
     Y19                   1.679       0.868       1.000   43.83%       1.000      1.000      2.000
            2530.000       0.491       0.699       4.000    1.90%       2.000      2.000
     Y20                   1.502       1.135       1.000   56.88%       1.000      1.000      1.000
            2530.000       0.410       1.148       4.000    0.99%       2.000      2.000


THE MODEL ESTIMATION TERMINATED NORMALLY



MODEL FIT INFORMATION

Number of Free Parameters                       97

Loglikelihood

          H0 Value                      -49368.913
          H1 Value                      -48887.287

Information Criteria

          Akaike (AIC)                   98931.825
          Bayesian (BIC)                 99497.915
          Sample-Size Adjusted BIC       99189.720
            (n* = (n + 2) / 24)

Chi-Square Test of Model Fit

          Value                            963.252
          Degrees of Freedom                   133
          P-Value                           0.0000

RMSEA (Root Mean Square Error Of Approximation)

          Estimate                           0.050
          90 Percent C.I.                    0.047  0.053
          Probability RMSEA <= .05           0.566

CFI/TLI

          CFI                                0.954
          TLI                                0.934

Chi-Square Test of Model Fit for the Baseline Model

          Value                          18291.323
          Degrees of Freedom                   190
          P-Value                           0.0000

SRMR (Standardized Root Mean Square Residual)

          Value                              0.025



MODEL RESULTS

                                                    Two-Tailed
                    Estimate       S.E.  Est./S.E.    P-Value

 F1       BY
    Y1                 0.529      0.021     24.713      0.000
    Y2                 0.284      0.021     13.857      0.000
    Y3                 0.557      0.025     22.335      0.000
    Y4                -0.126      0.028     -4.441      0.000
    Y5                 0.403      0.022     18.410      0.000
    Y6                 0.577      0.016     35.020      0.000
    Y7                 0.404      0.022     18.671      0.000
    Y8                -0.016      0.011     -1.414      0.157
    Y9                 0.314      0.023     13.628      0.000
    Y10                0.419      0.023     18.084      0.000
    Y11                0.369      0.028     13.147      0.000
    Y12                0.116      0.027      4.213      0.000
    Y13                0.205      0.025      8.206      0.000
    Y14                0.352      0.025     13.808      0.000
    Y15                0.027      0.024      1.119      0.263
    Y16                0.033      0.036      0.929      0.353
    Y17                0.334      0.026     12.875      0.000
    Y18                0.472      0.022     21.161      0.000
    Y19               -0.002      0.004     -0.486      0.627
    Y20                0.134      0.019      6.895      0.000

 F2       BY
    Y1                -0.059      0.021     -2.781      0.005
    Y2                 0.043      0.018      2.375      0.018
    Y3                 0.052      0.022      2.388      0.017
    Y4                 0.294      0.023     12.711      0.000
    Y5                -0.014      0.018     -0.807      0.419
    Y6                 0.022      0.019      1.166      0.244
    Y7                 0.073      0.019      3.764      0.000
    Y8                 0.519      0.022     23.376      0.000
    Y9                 0.173      0.018      9.426      0.000
    Y10               -0.007      0.009     -0.779      0.436
    Y11               -0.011      0.022     -0.493      0.622
    Y12                0.469      0.020     23.868      0.000
    Y13                0.030      0.019      1.569      0.117
    Y14                0.035      0.018      1.986      0.047
    Y15               -0.012      0.011     -1.100      0.271
    Y16                0.593      0.022     26.843      0.000
    Y17               -0.087      0.020     -4.330      0.000
    Y18               -0.028      0.017     -1.690      0.091
    Y19               -0.003      0.007     -0.440      0.660
    Y20                0.056      0.015      3.673      0.000

 F3       BY
    Y1                -0.042      0.024     -1.735      0.083
    Y2                -0.014      0.019     -0.749      0.454
    Y3                -0.040      0.024     -1.709      0.087
    Y4                 0.128      0.029      4.413      0.000
    Y5                 0.016      0.021      0.737      0.461
    Y6                 0.009      0.012      0.725      0.468
    Y7                 0.036      0.023      1.585      0.113
    Y8                 0.017      0.021      0.844      0.398
    Y9                 0.129      0.023      5.514      0.000
    Y10                0.128      0.025      5.172      0.000
    Y11                0.026      0.029      0.901      0.368
    Y12               -0.023      0.012     -1.898      0.058
    Y13                0.166      0.026      6.396      0.000
    Y14                0.259      0.027      9.659      0.000
    Y15                0.536      0.026     20.620      0.000
    Y16                0.030      0.028      1.108      0.268
    Y17                0.114      0.027      4.236      0.000
    Y18                0.161      0.023      6.931      0.000
    Y19                0.610      0.014     43.982      0.000
    Y20                0.269      0.020     13.727      0.000

 F2       WITH
    F1                 0.380      0.035     10.977      0.000

 F3       WITH
    F1                 0.668      0.020     33.516      0.000
    F2                 0.404      0.029     14.082      0.000

 Intercepts
    Y1                 2.190      0.015    148.973      0.000
    Y2                 1.758      0.013    132.029      0.000
    Y3                 1.894      0.016    118.489      0.000
    Y4                 2.268      0.017    133.757      0.000
    Y5                 2.143      0.015    145.955      0.000
    Y6                 2.006      0.015    135.570      0.000
    Y7                 1.963      0.014    136.970      0.000
    Y8                 2.049      0.017    120.920      0.000
    Y9                 1.711      0.015    115.579      0.000
    Y10                1.840      0.015    119.892      0.000
    Y11                2.082      0.018    118.006      0.000
    Y12                2.034      0.015    137.695      0.000
    Y13                2.009      0.015    133.358      0.000
    Y14                1.938      0.016    120.803      0.000
    Y15                1.715      0.014    122.505      0.000
    Y16                2.111      0.017    123.645      0.000
    Y17                1.909      0.016    122.618      0.000
    Y18                2.047      0.015    134.106      0.000
    Y19                1.679      0.014    120.567      0.000
    Y20                1.502      0.013    117.887      0.000

 Variances
    F1                 1.000      0.000    999.000    999.000
    F2                 1.000      0.000    999.000    999.000
    F3                 1.000      0.000    999.000    999.000

 Residual Variances
    Y1                 0.313      0.010     30.442      0.000
    Y2                 0.362      0.011     34.361      0.000
    Y3                 0.342      0.011     30.692      0.000
    Y4                 0.628      0.019     33.158      0.000
    Y5                 0.378      0.011     33.235      0.000
    Y6                 0.204      0.007     27.249      0.000
    Y7                 0.306      0.009     32.679      0.000
    Y8                 0.456      0.018     25.949      0.000
    Y9                 0.296      0.009     32.568      0.000
    Y10                0.335      0.010     32.867      0.000
    Y11                0.641      0.019     34.495      0.000
    Y12                0.289      0.012     24.383      0.000
    Y13                0.449      0.013     34.806      0.000
    Y14                0.320      0.010     32.550      0.000
    Y15                0.194      0.009     21.394      0.000
    Y16                0.353      0.017     21.183      0.000
    Y17                0.461      0.014     33.905      0.000
    Y18                0.252      0.008     30.662      0.000
    Y19                0.122      0.010     11.892      0.000
    Y20                0.251      0.008     33.407      0.000


STANDARDIZED MODEL RESULTS


STDYX Standardization

                                                    Two-Tailed
                    Estimate       S.E.  Est./S.E.    P-Value

 F1       BY
    Y1                 0.715      0.025     28.559      0.000
    Y2                 0.424      0.029     14.595      0.000
    Y3                 0.692      0.028     24.998      0.000
    Y4                -0.148      0.033     -4.459      0.000
    Y5                 0.546      0.027     20.093      0.000
    Y6                 0.775      0.017     46.183      0.000
    Y7                 0.560      0.028     20.281      0.000
    Y8                -0.019      0.013     -1.414      0.158
    Y9                 0.421      0.030     14.162      0.000
    Y10                0.542      0.028     19.446      0.000
    Y11                0.416      0.030     13.781      0.000
    Y12                0.156      0.037      4.225      0.000
    Y13                0.271      0.032      8.347      0.000
    Y14                0.436      0.030     14.326      0.000
    Y15                0.038      0.034      1.119      0.263
    Y16                0.039      0.042      0.929      0.353
    Y17                0.426      0.032     13.429      0.000
    Y18                0.614      0.027     23.073      0.000
    Y19               -0.003      0.005     -0.486      0.627
    Y20                0.209      0.030      6.962      0.000

 F2       BY
    Y1                -0.080      0.029     -2.784      0.005
    Y2                 0.064      0.027      2.378      0.017
    Y3                 0.065      0.027      2.389      0.017
    Y4                 0.344      0.026     13.289      0.000
    Y5                -0.020      0.024     -0.807      0.419
    Y6                 0.029      0.025      1.166      0.244
    Y7                 0.101      0.027      3.772      0.000
    Y8                 0.609      0.023     26.830      0.000
    Y9                 0.233      0.024      9.552      0.000
    Y10               -0.009      0.012     -0.779      0.436
    Y11               -0.012      0.024     -0.494      0.622
    Y12                0.631      0.023     27.041      0.000
    Y13                0.040      0.025      1.569      0.117
    Y14                0.044      0.022      1.986      0.047
    Y15               -0.016      0.015     -1.100      0.271
    Y16                0.690      0.022     31.648      0.000
    Y17               -0.111      0.025     -4.345      0.000
    Y18               -0.037      0.022     -1.690      0.091
    Y19               -0.005      0.011     -0.440      0.660
    Y20                0.087      0.024      3.680      0.000

 F3       BY
    Y1                -0.056      0.032     -1.735      0.083
    Y2                -0.021      0.029     -0.749      0.454
    Y3                -0.050      0.029     -1.710      0.087
    Y4                 0.150      0.034      4.433      0.000
    Y5                 0.021      0.029      0.737      0.461
    Y6                 0.012      0.017      0.725      0.468
    Y7                 0.050      0.032      1.586      0.113
    Y8                 0.020      0.024      0.844      0.398
    Y9                 0.174      0.031      5.544      0.000
    Y10                0.166      0.032      5.197      0.000
    Y11                0.029      0.032      0.901      0.368
    Y12               -0.031      0.016     -1.897      0.058
    Y13                0.219      0.034      6.461      0.000
    Y14                0.321      0.033      9.824      0.000
    Y15                0.762      0.034     22.367      0.000
    Y16                0.035      0.032      1.108      0.268
    Y17                0.146      0.034      4.252      0.000
    Y18                0.210      0.030      6.980      0.000
    Y19                0.870      0.013     67.344      0.000
    Y20                0.419      0.029     14.326      0.000

 F2       WITH
    F1                 0.380      0.035     10.977      0.000

 F3       WITH
    F1                 0.668      0.020     33.516      0.000
    F2                 0.404      0.029     14.082      0.000

 Intercepts
    Y1                 2.962      0.046     64.191      0.000
    Y2                 2.625      0.042     62.623      0.000
    Y3                 2.356      0.039     60.987      0.000
    Y4                 2.659      0.042     62.804      0.000
    Y5                 2.902      0.045     63.944      0.000
    Y6                 2.695      0.043     62.989      0.000
    Y7                 2.723      0.043     63.128      0.000
    Y8                 2.404      0.039     61.311      0.000
    Y9                 2.298      0.038     60.579      0.000
    Y10                2.384      0.039     61.176      0.000
    Y11                2.346      0.039     60.921      0.000
    Y12                2.738      0.043     63.198      0.000
    Y13                2.651      0.042     62.763      0.000
    Y14                2.402      0.039     61.296      0.000
    Y15                2.436      0.040     61.515      0.000
    Y16                2.458      0.040     61.657      0.000
    Y17                2.438      0.040     61.529      0.000
    Y18                2.666      0.042     62.840      0.000
    Y19                2.397      0.039     61.265      0.000
    Y20                2.344      0.038     60.905      0.000

 Variances
    F1                 1.000      0.000    999.000    999.000
    F2                 1.000      0.000    999.000    999.000
    F3                 1.000      0.000    999.000    999.000

 Residual Variances
    Y1                 0.573      0.018     32.211      0.000
    Y2                 0.808      0.015     52.685      0.000
    Y3                 0.529      0.017     31.370      0.000
    Y4                 0.864      0.016     54.658      0.000
    Y5                 0.694      0.017     40.863      0.000
    Y6                 0.368      0.015     25.353      0.000
    Y7                 0.589      0.017     35.454      0.000
    Y8                 0.627      0.022     27.912      0.000
    Y9                 0.533      0.016     33.515      0.000
    Y10                0.563      0.016     34.783      0.000
    Y11                0.814      0.015     53.870      0.000
    Y12                0.523      0.021     24.656      0.000
    Y13                0.782      0.015     51.336      0.000
    Y14                0.491      0.015     32.311      0.000
    Y15                0.390      0.019     20.592      0.000
    Y16                0.479      0.023     21.026      0.000
    Y17                0.751      0.016     45.943      0.000
    Y18                0.428      0.015     29.142      0.000
    Y19                0.249      0.022     11.571      0.000
    Y20                0.612      0.016     37.301      0.000


STDY Standardization

                                                    Two-Tailed
                    Estimate       S.E.  Est./S.E.    P-Value

 F1       BY
    Y1                 0.715      0.025     28.559      0.000
    Y2                 0.424      0.029     14.595      0.000
    Y3                 0.692      0.028     24.998      0.000
    Y4                -0.148      0.033     -4.459      0.000
    Y5                 0.546      0.027     20.093      0.000
    Y6                 0.775      0.017     46.183      0.000
    Y7                 0.560      0.028     20.281      0.000
    Y8                -0.019      0.013     -1.414      0.158
    Y9                 0.421      0.030     14.162      0.000
    Y10                0.542      0.028     19.446      0.000
    Y11                0.416      0.030     13.781      0.000
    Y12                0.156      0.037      4.225      0.000
    Y13                0.271      0.032      8.347      0.000
    Y14                0.436      0.030     14.326      0.000
    Y15                0.038      0.034      1.119      0.263
    Y16                0.039      0.042      0.929      0.353
    Y17                0.426      0.032     13.429      0.000
    Y18                0.614      0.027     23.073      0.000
    Y19               -0.003      0.005     -0.486      0.627
    Y20                0.209      0.030      6.962      0.000

 F2       BY
    Y1                -0.080      0.029     -2.784      0.005
    Y2                 0.064      0.027      2.378      0.017
    Y3                 0.065      0.027      2.389      0.017
    Y4                 0.344      0.026     13.289      0.000
    Y5                -0.020      0.024     -0.807      0.419
    Y6                 0.029      0.025      1.166      0.244
    Y7                 0.101      0.027      3.772      0.000
    Y8                 0.609      0.023     26.830      0.000
    Y9                 0.233      0.024      9.552      0.000
    Y10               -0.009      0.012     -0.779      0.436
    Y11               -0.012      0.024     -0.494      0.622
    Y12                0.631      0.023     27.041      0.000
    Y13                0.040      0.025      1.569      0.117
    Y14                0.044      0.022      1.986      0.047
    Y15               -0.016      0.015     -1.100      0.271
    Y16                0.690      0.022     31.648      0.000
    Y17               -0.111      0.025     -4.345      0.000
    Y18               -0.037      0.022     -1.690      0.091
    Y19               -0.005      0.011     -0.440      0.660
    Y20                0.087      0.024      3.680      0.000

 F3       BY
    Y1                -0.056      0.032     -1.735      0.083
    Y2                -0.021      0.029     -0.749      0.454
    Y3                -0.050      0.029     -1.710      0.087
    Y4                 0.150      0.034      4.433      0.000
    Y5                 0.021      0.029      0.737      0.461
    Y6                 0.012      0.017      0.725      0.468
    Y7                 0.050      0.032      1.586      0.113
    Y8                 0.020      0.024      0.844      0.398
    Y9                 0.174      0.031      5.544      0.000
    Y10                0.166      0.032      5.197      0.000
    Y11                0.029      0.032      0.901      0.368
    Y12               -0.031      0.016     -1.897      0.058
    Y13                0.219      0.034      6.461      0.000
    Y14                0.321      0.033      9.824      0.000
    Y15                0.762      0.034     22.367      0.000
    Y16                0.035      0.032      1.108      0.268
    Y17                0.146      0.034      4.252      0.000
    Y18                0.210      0.030      6.980      0.000
    Y19                0.870      0.013     67.344      0.000
    Y20                0.419      0.029     14.326      0.000

 F2       WITH
    F1                 0.380      0.035     10.977      0.000

 F3       WITH
    F1                 0.668      0.020     33.516      0.000
    F2                 0.404      0.029     14.082      0.000

 Intercepts
    Y1                 2.962      0.046     64.191      0.000
    Y2                 2.625      0.042     62.623      0.000
    Y3                 2.356      0.039     60.987      0.000
    Y4                 2.659      0.042     62.804      0.000
    Y5                 2.902      0.045     63.944      0.000
    Y6                 2.695      0.043     62.989      0.000
    Y7                 2.723      0.043     63.128      0.000
    Y8                 2.404      0.039     61.311      0.000
    Y9                 2.298      0.038     60.579      0.000
    Y10                2.384      0.039     61.176      0.000
    Y11                2.346      0.039     60.921      0.000
    Y12                2.738      0.043     63.198      0.000
    Y13                2.651      0.042     62.763      0.000
    Y14                2.402      0.039     61.296      0.000
    Y15                2.436      0.040     61.515      0.000
    Y16                2.458      0.040     61.657      0.000
    Y17                2.438      0.040     61.529      0.000
    Y18                2.666      0.042     62.840      0.000
    Y19                2.397      0.039     61.265      0.000
    Y20                2.344      0.038     60.905      0.000

 Variances
    F1                 1.000      0.000    999.000    999.000
    F2                 1.000      0.000    999.000    999.000
    F3                 1.000      0.000    999.000    999.000

 Residual Variances
    Y1                 0.573      0.018     32.211      0.000
    Y2                 0.808      0.015     52.685      0.000
    Y3                 0.529      0.017     31.370      0.000
    Y4                 0.864      0.016     54.658      0.000
    Y5                 0.694      0.017     40.863      0.000
    Y6                 0.368      0.015     25.353      0.000
    Y7                 0.589      0.017     35.454      0.000
    Y8                 0.627      0.022     27.912      0.000
    Y9                 0.533      0.016     33.515      0.000
    Y10                0.563      0.016     34.783      0.000
    Y11                0.814      0.015     53.870      0.000
    Y12                0.523      0.021     24.656      0.000
    Y13                0.782      0.015     51.336      0.000
    Y14                0.491      0.015     32.311      0.000
    Y15                0.390      0.019     20.592      0.000
    Y16                0.479      0.023     21.026      0.000
    Y17                0.751      0.016     45.943      0.000
    Y18                0.428      0.015     29.142      0.000
    Y19                0.249      0.022     11.571      0.000
    Y20                0.612      0.016     37.301      0.000


STD Standardization

                                                    Two-Tailed
                    Estimate       S.E.  Est./S.E.    P-Value

 F1       BY
    Y1                 0.529      0.021     24.713      0.000
    Y2                 0.284      0.021     13.857      0.000
    Y3                 0.557      0.025     22.335      0.000
    Y4                -0.126      0.028     -4.441      0.000
    Y5                 0.403      0.022     18.410      0.000
    Y6                 0.577      0.016     35.020      0.000
    Y7                 0.404      0.022     18.671      0.000
    Y8                -0.016      0.011     -1.414      0.157
    Y9                 0.314      0.023     13.628      0.000
    Y10                0.419      0.023     18.084      0.000
    Y11                0.369      0.028     13.147      0.000
    Y12                0.116      0.027      4.213      0.000
    Y13                0.205      0.025      8.206      0.000
    Y14                0.352      0.025     13.808      0.000
    Y15                0.027      0.024      1.119      0.263
    Y16                0.033      0.036      0.929      0.353
    Y17                0.334      0.026     12.875      0.000
    Y18                0.472      0.022     21.161      0.000
    Y19               -0.002      0.004     -0.486      0.627
    Y20                0.134      0.019      6.895      0.000

 F2       BY
    Y1                -0.059      0.021     -2.781      0.005
    Y2                 0.043      0.018      2.375      0.018
    Y3                 0.052      0.022      2.388      0.017
    Y4                 0.294      0.023     12.711      0.000
    Y5                -0.014      0.018     -0.807      0.419
    Y6                 0.022      0.019      1.166      0.244
    Y7                 0.073      0.019      3.764      0.000
    Y8                 0.519      0.022     23.376      0.000
    Y9                 0.173      0.018      9.426      0.000
    Y10               -0.007      0.009     -0.779      0.436
    Y11               -0.011      0.022     -0.493      0.622
    Y12                0.469      0.020     23.868      0.000
    Y13                0.030      0.019      1.569      0.117
    Y14                0.035      0.018      1.986      0.047
    Y15               -0.012      0.011     -1.100      0.271
    Y16                0.593      0.022     26.843      0.000
    Y17               -0.087      0.020     -4.330      0.000
    Y18               -0.028      0.017     -1.690      0.091
    Y19               -0.003      0.007     -0.440      0.660
    Y20                0.056      0.015      3.673      0.000

 F3       BY
    Y1                -0.042      0.024     -1.735      0.083
    Y2                -0.014      0.019     -0.749      0.454
    Y3                -0.040      0.024     -1.709      0.087
    Y4                 0.128      0.029      4.413      0.000
    Y5                 0.016      0.021      0.737      0.461
    Y6                 0.009      0.012      0.725      0.468
    Y7                 0.036      0.023      1.585      0.113
    Y8                 0.017      0.021      0.844      0.398
    Y9                 0.129      0.023      5.514      0.000
    Y10                0.128      0.025      5.172      0.000
    Y11                0.026      0.029      0.901      0.368
    Y12               -0.023      0.012     -1.898      0.058
    Y13                0.166      0.026      6.396      0.000
    Y14                0.259      0.027      9.659      0.000
    Y15                0.536      0.026     20.620      0.000
    Y16                0.030      0.028      1.108      0.268
    Y17                0.114      0.027      4.236      0.000
    Y18                0.161      0.023      6.931      0.000
    Y19                0.610      0.014     43.982      0.000
    Y20                0.269      0.020     13.727      0.000

 F2       WITH
    F1                 0.380      0.035     10.977      0.000

 F3       WITH
    F1                 0.668      0.020     33.516      0.000
    F2                 0.404      0.029     14.082      0.000

 Intercepts
    Y1                 2.190      0.015    148.973      0.000
    Y2                 1.758      0.013    132.029      0.000
    Y3                 1.894      0.016    118.489      0.000
    Y4                 2.268      0.017    133.757      0.000
    Y5                 2.143      0.015    145.955      0.000
    Y6                 2.006      0.015    135.570      0.000
    Y7                 1.963      0.014    136.970      0.000
    Y8                 2.049      0.017    120.920      0.000
    Y9                 1.711      0.015    115.579      0.000
    Y10                1.840      0.015    119.892      0.000
    Y11                2.082      0.018    118.006      0.000
    Y12                2.034      0.015    137.695      0.000
    Y13                2.009      0.015    133.358      0.000
    Y14                1.938      0.016    120.803      0.000
    Y15                1.715      0.014    122.505      0.000
    Y16                2.111      0.017    123.645      0.000
    Y17                1.909      0.016    122.618      0.000
    Y18                2.047      0.015    134.106      0.000
    Y19                1.679      0.014    120.567      0.000
    Y20                1.502      0.013    117.887      0.000

 Variances
    F1                 1.000      0.000    999.000    999.000
    F2                 1.000      0.000    999.000    999.000
    F3                 1.000      0.000    999.000    999.000

 Residual Variances
    Y1                 0.313      0.010     30.442      0.000
    Y2                 0.362      0.011     34.361      0.000
    Y3                 0.342      0.011     30.692      0.000
    Y4                 0.628      0.019     33.158      0.000
    Y5                 0.378      0.011     33.235      0.000
    Y6                 0.204      0.007     27.249      0.000
    Y7                 0.306      0.009     32.679      0.000
    Y8                 0.456      0.018     25.949      0.000
    Y9                 0.296      0.009     32.568      0.000
    Y10                0.335      0.010     32.867      0.000
    Y11                0.641      0.019     34.495      0.000
    Y12                0.289      0.012     24.383      0.000
    Y13                0.449      0.013     34.806      0.000
    Y14                0.320      0.010     32.550      0.000
    Y15                0.194      0.009     21.394      0.000
    Y16                0.353      0.017     21.183      0.000
    Y17                0.461      0.014     33.905      0.000
    Y18                0.252      0.008     30.662      0.000
    Y19                0.122      0.010     11.892      0.000
    Y20                0.251      0.008     33.407      0.000


R-SQUARE

    Observed                                        Two-Tailed
    Variable        Estimate       S.E.  Est./S.E.    P-Value

    Y1                 0.427      0.018     24.011      0.000
    Y2                 0.192      0.015     12.533      0.000
    Y3                 0.471      0.017     27.964      0.000
    Y4                 0.136      0.016      8.636      0.000
    Y5                 0.306      0.017     18.032      0.000
    Y6                 0.632      0.015     43.571      0.000
    Y7                 0.411      0.017     24.729      0.000
    Y8                 0.373      0.022     16.570      0.000
    Y9                 0.467      0.016     29.340      0.000
    Y10                0.437      0.016     27.028      0.000
    Y11                0.186      0.015     12.342      0.000
    Y12                0.477      0.021     22.454      0.000
    Y13                0.218      0.015     14.303      0.000
    Y14                0.509      0.015     33.477      0.000
    Y15                0.610      0.019     32.170      0.000
    Y16                0.521      0.023     22.889      0.000
    Y17                0.249      0.016     15.268      0.000
    Y18                0.572      0.015     38.948      0.000
    Y19                0.751      0.022     34.929      0.000
    Y20                0.388      0.016     23.632      0.000


QUALITY OF NUMERICAL RESULTS

     Condition Number for the Information Matrix              0.349E-02
       (ratio of smallest to largest eigenvalue)


MODEL MODIFICATION INDICES

NOTE:  Modification indices for direct effects of observed dependent variables
regressed on covariates may not be included.  To include these, request
MODINDICES (ALL).

Minimum M.I. value for printing the modification index    10.000

                                   M.I.     E.P.C.  Std E.P.C.  StdYX E.P.C.

WITH Statements

Y3       WITH Y1                  18.606     0.034      0.034        0.103
Y3       WITH Y2                  32.527     0.044      0.044        0.125
Y5       WITH Y4                  19.244    -0.045     -0.045       -0.093
Y7       WITH Y5                  77.263     0.064      0.064        0.189
Y7       WITH Y6                  14.221     0.023      0.023        0.092
Y8       WITH Y4                  14.796     0.050      0.050        0.093
Y8       WITH Y6                  11.403    -0.026     -0.026       -0.087
Y8       WITH Y7                  10.800     0.029      0.029        0.077
Y9       WITH Y1                  12.803    -0.024     -0.024       -0.080
Y9       WITH Y2                  18.706    -0.030     -0.030       -0.091
Y9       WITH Y5                  11.315     0.024      0.024        0.072
Y9       WITH Y7                  31.816     0.037      0.037        0.122
Y9       WITH Y8                  48.409     0.061      0.061        0.167
Y10      WITH Y9                  26.339     0.035      0.035        0.111
Y11      WITH Y2                  15.976     0.040      0.040        0.082
Y12      WITH Y5                  10.421    -0.026     -0.026       -0.079
Y12      WITH Y7                  16.963    -0.030     -0.030       -0.102
Y12      WITH Y8                  14.284    -0.053     -0.053       -0.147
Y12      WITH Y9                  29.540    -0.041     -0.041       -0.139
Y13      WITH Y8                  10.723    -0.034     -0.034       -0.075
Y14      WITH Y5                  22.262    -0.035     -0.035       -0.101
Y14      WITH Y7                  31.486    -0.038     -0.038       -0.122
Y14      WITH Y10                 18.029     0.030      0.030        0.092
Y14      WITH Y13                 57.971     0.061      0.061        0.160
Y15      WITH Y14                 17.863     0.028      0.028        0.113
Y16      WITH Y12                 78.029     0.146      0.146        0.458
Y17      WITH Y5                  12.875    -0.032     -0.032       -0.076
Y17      WITH Y6                  15.934    -0.029     -0.029       -0.094
Y17      WITH Y7                  25.536    -0.040     -0.040       -0.107
Y17      WITH Y10                 16.493     0.034      0.034        0.086
Y17      WITH Y15                 10.342    -0.023     -0.023       -0.078
Y18      WITH Y2                  11.392    -0.022     -0.022       -0.074
Y18      WITH Y5                  26.155    -0.035     -0.035       -0.114
Y18      WITH Y6                  21.894     0.027      0.027        0.120
Y18      WITH Y7                  42.856    -0.041     -0.041       -0.147
Y18      WITH Y9                  11.254    -0.021     -0.021       -0.075
Y18      WITH Y12                 17.440     0.029      0.029        0.106
Y18      WITH Y14                 48.093     0.044      0.044        0.156
Y18      WITH Y15                 22.342    -0.027     -0.027       -0.122
Y18      WITH Y17                100.588     0.075      0.075        0.221
Y19      WITH Y5                  10.839     0.023      0.023        0.106
Y19      WITH Y13                 15.625    -0.030     -0.030       -0.128
Y19      WITH Y14                 43.138    -0.047     -0.047       -0.240
Y19      WITH Y15                 33.652     0.102      0.102        0.662
Y20      WITH Y7                  10.771     0.019      0.019        0.070
Y20      WITH Y14                 15.959    -0.024     -0.024       -0.086
Y20      WITH Y15                 10.699    -0.021     -0.021       -0.095
Y20      WITH Y16                 11.051    -0.026     -0.026       -0.087
Y20      WITH Y19                 17.805     0.030      0.030        0.170


     Beginning Time:  22:40:25
        Ending Time:  22:40:25
       Elapsed Time:  00:00:00



MUTHEN & MUTHEN
3463 Stoner Ave.
Los Angeles, CA  90066

Tel: (310) 391-9971
Fax: (310) 391-8971
Web: www.StatModel.com
Support: Support@StatModel.com

Copyright (c) 1998-2018 Muthen & Muthen
